
****** PlanAhead v14.7 (64-bit)
  **** Build 321239 by xbuild on Fri Sep 27 19:24:36 MDT 2013
    ** Copyright 1986-1999, 2001-2013 Xilinx, Inc. All Rights Reserved.

INFO: [Common 17-78] Attempting to get a license: PlanAhead
INFO: [Common 17-290] Got license for PlanAhead
INFO: [Device 21-36] Loading parts and site information from /opt/Xilinx/14.7/ISE_DS/PlanAhead/data/parts/arch.xml
Parsing RTL primitives file [/opt/Xilinx/14.7/ISE_DS/PlanAhead/data/parts/xilinx/rtl/prims/rtl_prims.xml]
Finished parsing RTL primitives file [/opt/Xilinx/14.7/ISE_DS/PlanAhead/data/parts/xilinx/rtl/prims/rtl_prims.xml]
start_gui
source /home/dylon/MIPS_Datapath/pa.fromNetlist.tcl
# create_project -name MIPS_Datapath -dir "/home/dylon/MIPS_Datapath/planAhead_run_3" -part xc6slx25ftg256-3
create_project: Time (s): cpu = 00:00:08 ; elapsed = 00:00:07 . Memory (MB): peak = 2670.680 ; gain = 20.172
# set_property design_mode GateLvl [get_property srcset [current_run -impl]]
# set_property edif_top_file "/home/dylon/MIPS_Datapath/data_reg.ngc" [ get_property srcset [ current_run ] ]
# add_files -norecurse { {/home/dylon/MIPS_Datapath} }
# set_param project.pinAheadLayout  yes
# set_property target_constrs_file "data_reg.ucf" [current_fileset -constrset]
Adding file '/home/dylon/MIPS_Datapath/data_reg.ucf' to fileset 'constrs_1'
# add_files [list {data_reg.ucf}] -fileset [get_property constrset [current_run]]
# link_design
Design is defaulting to srcset: sources_1
Design is defaulting to constrset: constrs_1
Design is defaulting to project part: xc6slx25ftg256-3
Release 14.7 - ngc2edif P.20131013 (lin64)
Copyright (c) 1995-2013 Xilinx, Inc.  All rights reserved.

Release 14.7 - ngc2edif P.20131013 (lin64)
Copyright (c) 1995-2013 Xilinx, Inc.  All rights reserved.
Reading design data_reg.ngc ...
WARNING:NetListWriters:298 - No output is written to data_reg.xncf, ignored.
Processing design ...
   Preping design's networks ...
   Preping design's macros ...
  finished :Prep
Writing EDIF netlist file data_reg.edif ...
ngc2edif: Total memory usage is 105236 kilobytes

Parsing EDIF File [./planAhead_run_3/MIPS_Datapath.data/cache/data_reg_ngc_41a7d8f0.edif]
Finished Parsing EDIF File [./planAhead_run_3/MIPS_Datapath.data/cache/data_reg_ngc_41a7d8f0.edif]
INFO: [Netlist 29-17] Analyzing 1 Unisim elements for replacement
INFO: [Netlist 29-28] Unisim Transformation completed in 0 CPU seconds
Loading clock regions from /opt/Xilinx/14.7/ISE_DS/PlanAhead/data/parts/xilinx/spartan6/spartan6lx/xc6slx25/ClockRegion.xml
Loading clock buffers from /opt/Xilinx/14.7/ISE_DS/PlanAhead/data/parts/xilinx/spartan6/spartan6lx/xc6slx25/ClockBuffers.xml
Loading package pin functions from /opt/Xilinx/14.7/ISE_DS/PlanAhead/data/parts/xilinx/spartan6/PinFunctions.xml...
Loading package from /opt/Xilinx/14.7/ISE_DS/PlanAhead/data/parts/xilinx/spartan6/spartan6lx/xc6slx25/ftg256/Package.xml
Loading io standards from /opt/Xilinx/14.7/ISE_DS/PlanAhead/data/./parts/xilinx/spartan6/IOStandards.xml
Loading device configuration modes from /opt/Xilinx/14.7/ISE_DS/PlanAhead/data/parts/xilinx/spartan6/ConfigModes.xml
Loading list of drcs for the architecture : /opt/Xilinx/14.7/ISE_DS/PlanAhead/data/./parts/xilinx/spartan6/drc.xml
Parsing UCF File [/home/dylon/MIPS_Datapath/data_reg.ucf]
Finished Parsing UCF File [/home/dylon/MIPS_Datapath/data_reg.ucf]
INFO: [Project 1-111] Unisim Transformation Summary:
  A total of 1 instances were transformed.
  BUFGP => BUFGP (IBUF, BUFG): 1 instances

Phase 0 | Netlist Checksum: ede4d85a
link_design: Time (s): cpu = 00:00:38 ; elapsed = 00:00:29 . Memory (MB): peak = 2847.250 ; gain = 164.555
startgroup
set_property package_pin F2 [get_ports Clk]
endgroup
save_constraints
exit
ERROR: [Common 17-39] 'stop_gui' failed due to earlier errors.
INFO: [Common 17-206] Exiting PlanAhead at Sat Aug  8 11:23:20 2015...
INFO: [Common 17-83] Releasing license: PlanAhead
