Release 14.7 - xst P.20131013 (lin64)
Copyright (c) 1995-2013 Xilinx, Inc.  All rights reserved.
--> 
Parameter TMPDIR set to xst/projnav.tmp


Total REAL time to Xst completion: 0.00 secs
Total CPU time to Xst completion: 0.09 secs
 
--> 
Parameter xsthdpdir set to xst


Total REAL time to Xst completion: 0.00 secs
Total CPU time to Xst completion: 0.09 secs
 
--> 
Reading design: ALU.prj

TABLE OF CONTENTS
  1) Synthesis Options Summary
  2) HDL Parsing
  3) HDL Elaboration
  4) HDL Synthesis
       4.1) HDL Synthesis Report
  5) Advanced HDL Synthesis
       5.1) Advanced HDL Synthesis Report
  6) Low Level Synthesis
  7) Partition Report
  8) Design Summary
       8.1) Primitive and Black Box Usage
       8.2) Device utilization summary
       8.3) Partition Resource Summary
       8.4) Timing Report
            8.4.1) Clock Information
            8.4.2) Asynchronous Control Signals Information
            8.4.3) Timing Summary
            8.4.4) Timing Details
            8.4.5) Cross Clock Domains Report


=========================================================================
*                      Synthesis Options Summary                        *
=========================================================================
---- Source Parameters
Input File Name                    : "ALU.prj"
Ignore Synthesis Constraint File   : NO

---- Target Parameters
Output File Name                   : "ALU"
Output Format                      : NGC
Target Device                      : xc6slx25-3-ftg256

---- Source Options
Top Module Name                    : ALU
Automatic FSM Extraction           : YES
FSM Encoding Algorithm             : Auto
Safe Implementation                : No
FSM Style                          : LUT
RAM Extraction                     : Yes
RAM Style                          : Auto
ROM Extraction                     : Yes
Shift Register Extraction          : YES
ROM Style                          : Auto
Resource Sharing                   : YES
Asynchronous To Synchronous        : NO
Shift Register Minimum Size        : 2
Use DSP Block                      : Auto
Automatic Register Balancing       : No

---- Target Options
LUT Combining                      : Auto
Reduce Control Sets                : Auto
Add IO Buffers                     : YES
Global Maximum Fanout              : 100000
Add Generic Clock Buffer(BUFG)     : 16
Register Duplication               : YES
Optimize Instantiated Primitives   : NO
Use Clock Enable                   : Auto
Use Synchronous Set                : Auto
Use Synchronous Reset              : Auto
Pack IO Registers into IOBs        : Auto
Equivalent register Removal        : YES

---- General Options
Optimization Goal                  : Speed
Optimization Effort                : 1
Power Reduction                    : NO
Keep Hierarchy                     : No
Netlist Hierarchy                  : As_Optimized
RTL Output                         : Yes
Global Optimization                : AllClockNets
Read Cores                         : YES
Write Timing Constraints           : NO
Cross Clock Analysis               : NO
Hierarchy Separator                : /
Bus Delimiter                      : <>
Case Specifier                     : Maintain
Slice Utilization Ratio            : 100
BRAM Utilization Ratio             : 100
DSP48 Utilization Ratio            : 100
Auto BRAM Packing                  : NO
Slice Utilization Ratio Delta      : 5

=========================================================================


=========================================================================
*                          HDL Parsing                                  *
=========================================================================
Parsing VHDL file "/home/dylon/MIPS_Datapath/ALU.vhd" into library work
Parsing entity <ALU>.
Parsing architecture <Behavioral> of entity <alu>.

=========================================================================
*                            HDL Elaboration                            *
=========================================================================

Elaborating entity <ALU> (architecture <Behavioral>) from library <work>.

=========================================================================
*                           HDL Synthesis                               *
=========================================================================

Synthesizing Unit <ALU>.
    Related source file is "/home/dylon/MIPS_Datapath/ALU.vhd".
    Found 17-bit adder for signal <GND_4_o_GND_4_o_add_0_OUT> created at line 36.
    Found 17-bit subtractor for signal <GND_4_o_GND_4_o_sub_2_OUT<16:0>> created at line 37.
    Summary:
	inferred   1 Adder/Subtractor(s).
	inferred   6 Multiplexer(s).
Unit <ALU> synthesized.

=========================================================================
HDL Synthesis Report

Macro Statistics
# Adders/Subtractors                                   : 1
 17-bit addsub                                         : 1
# Multiplexers                                         : 6
 17-bit 2-to-1 multiplexer                             : 6
# Xors                                                 : 1
 16-bit xor2                                           : 1

=========================================================================

=========================================================================
*                       Advanced HDL Synthesis                          *
=========================================================================


=========================================================================
Advanced HDL Synthesis Report

Macro Statistics
# Adders/Subtractors                                   : 1
 17-bit addsub                                         : 1
# Multiplexers                                         : 6
 17-bit 2-to-1 multiplexer                             : 6
# Xors                                                 : 1
 16-bit xor2                                           : 1

=========================================================================

=========================================================================
*                         Low Level Synthesis                           *
=========================================================================

Optimizing unit <ALU> ...

Mapping all equations...
Building and optimizing final netlist ...
Found area constraint ratio of 100 (+ 5) on block ALU, actual ratio is 0.

Final Macro Processing ...

=========================================================================
Final Register Report

Found no macro
=========================================================================

=========================================================================
*                           Partition Report                            *
=========================================================================

Partition Implementation Status
-------------------------------

  No Partitions were found in this design.

-------------------------------

=========================================================================
*                            Design Summary                             *
=========================================================================

Top Level Output File Name         : ALU.ngc

Primitive and Black Box Usage:
------------------------------
# BELS                             : 102
#      GND                         : 1
#      LUT1                        : 1
#      LUT3                        : 46
#      LUT5                        : 1
#      LUT6                        : 19
#      MUXCY                       : 16
#      MUXF7                       : 1
#      XORCY                       : 17
# IO Buffers                       : 53
#      IBUF                        : 36
#      OBUF                        : 17

Device utilization summary:
---------------------------

Selected Device : 6slx25ftg256-3 


Slice Logic Utilization: 
 Number of Slice LUTs:                   67  out of  15032     0%  
    Number used as Logic:                67  out of  15032     0%  

Slice Logic Distribution: 
 Number of LUT Flip Flop pairs used:     67
   Number with an unused Flip Flop:      67  out of     67   100%  
   Number with an unused LUT:             0  out of     67     0%  
   Number of fully used LUT-FF pairs:     0  out of     67     0%  
   Number of unique control sets:         0

IO Utilization: 
 Number of IOs:                          53
 Number of bonded IOBs:                  53  out of    186    28%  

Specific Feature Utilization:

---------------------------
Partition Resource Summary:
---------------------------

  No Partitions were found in this design.

---------------------------


=========================================================================
Timing Report

NOTE: THESE TIMING NUMBERS ARE ONLY A SYNTHESIS ESTIMATE.
      FOR ACCURATE TIMING INFORMATION PLEASE REFER TO THE TRACE REPORT
      GENERATED AFTER PLACE-and-ROUTE.

Clock Information:
------------------
No clock signals found in this design

Asynchronous Control Signals Information:
----------------------------------------
No asynchronous control signals found in this design

Timing Summary:
---------------
Speed Grade: -3

   Minimum period: No path found
   Minimum input arrival time before clock: No path found
   Maximum output required time after clock: No path found
   Maximum combinational path delay: 9.822ns

Timing Details:
---------------
All values displayed in nanoseconds (ns)

=========================================================================
Timing constraint: Default path analysis
  Total number of paths / destination ports: 1439 / 17
-------------------------------------------------------------------------
Delay:               9.822ns (Levels of Logic = 17)
  Source:            Opcode<0> (PAD)
  Destination:       Zero (PAD)

  Data Path: Opcode<0> to Zero
                                Gate     Net
    Cell:in->out      fanout   Delay   Delay  Logical Name (Net Name)
    ----------------------------------------  ------------
     IBUF:I->O            49   1.222   1.534  Opcode_0_IBUF (Opcode<0>1)
     LUT3:I2->O            1   0.205   0.000  Maddsub__n0034_lut<0> (Maddsub__n0034_lut<0>)
     MUXCY:S->O            1   0.172   0.000  Maddsub__n0034_cy<0> (Maddsub__n0034_cy<0>)
     MUXCY:CI->O           1   0.019   0.000  Maddsub__n0034_cy<1> (Maddsub__n0034_cy<1>)
     MUXCY:CI->O           1   0.019   0.000  Maddsub__n0034_cy<2> (Maddsub__n0034_cy<2>)
     MUXCY:CI->O           1   0.019   0.000  Maddsub__n0034_cy<3> (Maddsub__n0034_cy<3>)
     MUXCY:CI->O           1   0.019   0.000  Maddsub__n0034_cy<4> (Maddsub__n0034_cy<4>)
     MUXCY:CI->O           1   0.019   0.000  Maddsub__n0034_cy<5> (Maddsub__n0034_cy<5>)
     MUXCY:CI->O           1   0.019   0.000  Maddsub__n0034_cy<6> (Maddsub__n0034_cy<6>)
     MUXCY:CI->O           1   0.019   0.000  Maddsub__n0034_cy<7> (Maddsub__n0034_cy<7>)
     MUXCY:CI->O           1   0.019   0.000  Maddsub__n0034_cy<8> (Maddsub__n0034_cy<8>)
     XORCY:CI->O           1   0.180   0.580  Maddsub__n0034_xor<9> (_n0034<9>)
     LUT6:I5->O            1   0.205   0.000  Mmux_op_result32_F (N51)
     MUXF7:I0->O           2   0.131   0.961  Mmux_op_result32 (Result_9_OBUF)
     LUT5:I0->O            1   0.203   0.924  Zero<16>3 (Zero<16>2)
     LUT6:I1->O            1   0.203   0.579  Zero<16>4 (Zero_OBUF)
     OBUF:I->O                 2.571          Zero_OBUF (Zero)
    ----------------------------------------
    Total                      9.822ns (5.244ns logic, 4.578ns route)
                                       (53.4% logic, 46.6% route)

=========================================================================

Cross Clock Domains Report:
--------------------------

=========================================================================


Total REAL time to Xst completion: 13.00 secs
Total CPU time to Xst completion: 10.74 secs
 
--> 


Total memory usage is 380348 kilobytes

Number of errors   :    0 (   0 filtered)
Number of warnings :    0 (   0 filtered)
Number of infos    :    0 (   0 filtered)

