Running: /opt/Xilinx/14.7/ISE_DS/ISE/bin/lin64/unwrapped/fuse -intstyle ise -incremental -lib secureip -o /home/dylon/MIPS_Datapath/mux_2to1_tb_isim_beh.exe -prj /home/dylon/MIPS_Datapath/mux_2to1_tb_beh.prj work.mux_2to1_tb 
ISim P.20131013 (signature 0xfbc00daa)
Number of CPUs detected in this system: 4
Turning on mult-threading, number of parallel sub-compilation jobs: 8 
Determining compilation order of HDL files
Parsing VHDL file "/home/dylon/MIPS_Datapath/mux_2to1.vhd" into library work
Parsing VHDL file "/home/dylon/MIPS_Datapath/mux_2to1_tb.vhd" into library work
Starting static elaboration
Completed static elaboration
Fuse Memory Usage: 96540 KB
Fuse CPU Usage: 1260 ms
Compiling package standard
Compiling package std_logic_1164
Compiling package numeric_std
Compiling architecture behavioral of entity mux_2to1 [\mux_2to1(4)\]
Compiling architecture behavior of entity mux_2to1_tb
Time Resolution for simulation is 1ps.
Waiting for 1 sub-compilation(s) to finish...
Compiled 6 VHDL Units
Built simulation executable /home/dylon/MIPS_Datapath/mux_2to1_tb_isim_beh.exe
Fuse Memory Usage: 668268 KB
Fuse CPU Usage: 1370 ms
GCC CPU Usage: 310 ms
