ISim log file
Running: /home/dylon/MIPS_Datapath/mux_2to1_tb_isim_beh.exe -intstyle ise -gui -tclbatch isim.cmd -wdb /home/dylon/MIPS_Datapath/mux_2to1_tb_isim_beh.wdb 
ISim P.20131013 (signature 0xfbc00daa)
WARNING: A WEBPACK license was found.
WARNING: Please use Xilinx License Configuration Manager to check out a full ISim license.
WARNING: ISim will run in Lite mode. Please refer to the ISim documentation for more information on the differences between the Lite and the Full version.
This is a Lite version of ISim.
Time resolution is 1 ps
# onerror resume
# wave add /
# run 1000 ns
Simulator is doing circuit initialization process.
Finished circuit initialization process.
# step
Stopped at time : 1005 ns : File "/home/dylon/MIPS_Datapath/mux_2to1_tb.vhd" Line 78
# step
Stopped at time : 1005 ns : File "/home/dylon/MIPS_Datapath/mux_2to1_tb.vhd" Line 79
# step
Stopped at time : 1005 ns : File "/home/dylon/MIPS_Datapath/mux_2to1_tb.vhd" Line 98
# step
Stopped at time : 1005 ns : File "/home/dylon/MIPS_Datapath/mux_2to1_tb.vhd" Line 99
# run all
Stopped at time : 230707830 ns : File "/home/dylon/MIPS_Datapath/mux_2to1_tb.vhd" Line 76
# exit 0
